<?xml version="1.0" encoding="UTF-8"?>
<!-- Generated by org.testng.reporters.JUnitReportReporter -->
<testsuite hostname="personallaptop" name="page.tests.TestHomepage" tests="3" failures="0" timestamp="3 Nov 2017 21:17:40 GMT" time="21.502" errors="0">
  <testcase name="testSearchFunction" time="6.676" classname="page.tests.TestHomepage"/>
  <testcase name="testAboutNomisLink" time="7.234" classname="page.tests.TestHomepage"/>
  <testcase name="testRequestDemo" time="7.592" classname="page.tests.TestHomepage"/>
</testsuite> <!-- page.tests.TestHomepage -->
