<?xml version="1.0" encoding="UTF-8"?>
<!-- Generated by org.testng.reporters.JUnitReportReporter -->
<testsuite hostname="personallaptop" name="page.tests.TestHomepage" tests="4" failures="0" timestamp="6 Nov 2017 14:58:18 GMT" time="29.720" errors="0">
  <testcase name="testSearchFunction" time="10.483" classname="page.tests.TestHomepage"/>
  <testcase name="testAboutNomisLink" time="7.728" classname="page.tests.TestHomepage"/>
  <testcase name="testRequestDemo" time="6.307" classname="page.tests.TestHomepage"/>
  <testcase name="testVideo" time="5.202" classname="page.tests.TestHomepage"/>
</testsuite> <!-- page.tests.TestHomepage -->
