<?xml version="1.0" encoding="UTF-8"?>
<!-- Generated by org.testng.reporters.JUnitReportReporter -->
<testsuite hostname="personallaptop" name="page.tests.TestHomepage" tests="3" failures="0" timestamp="5 Nov 2017 09:36:38 GMT" time="35.236" errors="0">
  <testcase name="testSearchFunction" time="16.257" classname="page.tests.TestHomepage"/>
  <testcase name="testAboutNomisLink" time="7.210" classname="page.tests.TestHomepage"/>
  <testcase name="testRequestDemo" time="11.769" classname="page.tests.TestHomepage"/>
</testsuite> <!-- page.tests.TestHomepage -->
